DEPEND TELNET TCPIP NETCARD
DEPEND TCPIP NETCARD
DEPEND DNS TCPIP NETCARD
DEPEND BROWSER TCPIP HTML
INSTALL foo
   Installing foo
DEPEND NETCARD BROWSER
   Found cycle in dependencies
   Suggest removing DEPEND NETCARD BROWSER
DEPEND BROWSER2 BROWSER3 TCPIP HTML
   Found cycle in dependencies
   Suggest removing DEPEND NETCARD BROWSER
DEPEND BROWSER3 BROWSER2
   Found cycle in dependencies
   Suggest removing DEPEND BROWSER3 BROWSER2
INSTALL NETCARD
INSTALL TELNET
REMOVE NETCARD
INSTALL BROWSER
INSTALL DNS
LIST
REMOVE TELNET
REMOVE NETCARD
REMOVE DNS
REMOVE NETCARD
INSTALL NETCARD
REMOVE TCPIP
REMOVE BROWSER
REMOVE TCPIP
END
